<?xml version="1.0" encoding="UTF-8"?>
<trace:TraceModel xmi:version="2.0"
    xmlns:xmi="http://www.omg.org/XMI"
    xmlns:trace="http://www.eclipse.org/gmf/2006/Trace">
  <nodeTraces
      visualID="2501"
      queryText="(let _eClass_:ecore::EClass = modelFacet.metaClass.ecoreClass in _eClass_.ePackage.nsURI = 'http:///org/wso2/developerstudio/eclipse/gmf/esb' and _eClass_.name = 'EsbSequence') and (let _containmentMF_:ecore::EStructuralFeature = modelFacet.containmentMetaFeature.ecoreFeature in (let _eClass_:ecore::EClass = _containmentMF_.eContainingClass in _eClass_.ePackage.nsURI = 'http:///org/wso2/developerstudio/eclipse/gmf/esb' and _eClass_.name = 'SequenceDiagram') and _containmentMF_.name = 'sequence')">
    <compartmentTraces
        visualID="7501"
        queryText="true"/>
  </nodeTraces>
  <childNodeTraces
      visualID="3501"
      queryText="(let _eClass_:ecore::EClass = modelFacet.metaClass.ecoreClass in _eClass_.ePackage.nsURI = 'http:///org/wso2/developerstudio/eclipse/gmf/esb' and _eClass_.name = 'LogMediator') and (let _containmentMF_:ecore::EStructuralFeature = modelFacet.containmentMetaFeature.ecoreFeature in (let _eClass_:ecore::EClass = _containmentMF_.eContainingClass in _eClass_.ePackage.nsURI = 'http:///org/wso2/developerstudio/eclipse/gmf/esb' and _eClass_.name = 'EsbSequence') and _containmentMF_.name = 'childMediators')">
    <nodeLabelTraces
        visualID="5001"
        queryText="true"/>
  </childNodeTraces>
  <childNodeTraces
      visualID="3502"
      queryText="(let _eClass_:ecore::EClass = modelFacet.metaClass.ecoreClass in _eClass_.ePackage.nsURI = 'http:///org/wso2/developerstudio/eclipse/gmf/esb' and _eClass_.name = 'LogMediatorInputConnector') and (let _containmentMF_:ecore::EStructuralFeature = modelFacet.containmentMetaFeature.ecoreFeature in (let _eClass_:ecore::EClass = _containmentMF_.eContainingClass in _eClass_.ePackage.nsURI = 'http:///org/wso2/developerstudio/eclipse/gmf/esb' and _eClass_.name = 'LogMediator') and _containmentMF_.name = 'inputConnector')"/>
  <childNodeTraces
      visualID="3503"
      queryText="(let _eClass_:ecore::EClass = modelFacet.metaClass.ecoreClass in _eClass_.ePackage.nsURI = 'http:///org/wso2/developerstudio/eclipse/gmf/esb' and _eClass_.name = 'LogMediatorOutputConnector') and (let _containmentMF_:ecore::EStructuralFeature = modelFacet.containmentMetaFeature.ecoreFeature in (let _eClass_:ecore::EClass = _containmentMF_.eContainingClass in _eClass_.ePackage.nsURI = 'http:///org/wso2/developerstudio/eclipse/gmf/esb' and _eClass_.name = 'LogMediator') and _containmentMF_.name = 'outputConnector')"/>
  <childNodeTraces
      visualID="3512"
      queryText="(let _eClass_:ecore::EClass = modelFacet.metaClass.ecoreClass in _eClass_.ePackage.nsURI = 'http:///org/wso2/developerstudio/eclipse/gmf/esb' and _eClass_.name = 'PropertyMediator') and (let _containmentMF_:ecore::EStructuralFeature = modelFacet.containmentMetaFeature.ecoreFeature in (let _eClass_:ecore::EClass = _containmentMF_.eContainingClass in _eClass_.ePackage.nsURI = 'http:///org/wso2/developerstudio/eclipse/gmf/esb' and _eClass_.name = 'EsbSequence') and _containmentMF_.name = 'childMediators')">
    <nodeLabelTraces
        visualID="5002"
        queryText="true"/>
  </childNodeTraces>
  <childNodeTraces
      visualID="3513"
      queryText="(let _eClass_:ecore::EClass = modelFacet.metaClass.ecoreClass in _eClass_.ePackage.nsURI = 'http:///org/wso2/developerstudio/eclipse/gmf/esb' and _eClass_.name = 'PropertyMediatorInputConnector') and (let _containmentMF_:ecore::EStructuralFeature = modelFacet.containmentMetaFeature.ecoreFeature in (let _eClass_:ecore::EClass = _containmentMF_.eContainingClass in _eClass_.ePackage.nsURI = 'http:///org/wso2/developerstudio/eclipse/gmf/esb' and _eClass_.name = 'PropertyMediator') and _containmentMF_.name = 'inputConnector')"/>
  <childNodeTraces
      visualID="3514"
      queryText="(let _eClass_:ecore::EClass = modelFacet.metaClass.ecoreClass in _eClass_.ePackage.nsURI = 'http:///org/wso2/developerstudio/eclipse/gmf/esb' and _eClass_.name = 'PropertyMediatorOutputConnector') and (let _containmentMF_:ecore::EStructuralFeature = modelFacet.containmentMetaFeature.ecoreFeature in (let _eClass_:ecore::EClass = _containmentMF_.eContainingClass in _eClass_.ePackage.nsURI = 'http:///org/wso2/developerstudio/eclipse/gmf/esb' and _eClass_.name = 'PropertyMediator') and _containmentMF_.name = 'outputConnector')"/>
  <childNodeTraces
      visualID="3517"
      queryText="(let _eClass_:ecore::EClass = modelFacet.metaClass.ecoreClass in _eClass_.ePackage.nsURI = 'http:///org/wso2/developerstudio/eclipse/gmf/esb' and _eClass_.name = 'EsbSequenceInputConnector') and (let _containmentMF_:ecore::EStructuralFeature = modelFacet.containmentMetaFeature.ecoreFeature in (let _eClass_:ecore::EClass = _containmentMF_.eContainingClass in _eClass_.ePackage.nsURI = 'http:///org/wso2/developerstudio/eclipse/gmf/esb' and _eClass_.name = 'EsbSequence') and _containmentMF_.name = 'input')"/>
  <childNodeTraces
      visualID="3518"
      queryText="(let _eClass_:ecore::EClass = modelFacet.metaClass.ecoreClass in _eClass_.ePackage.nsURI = 'http:///org/wso2/developerstudio/eclipse/gmf/esb' and _eClass_.name = 'EsbSequenceOutputConnector') and (let _containmentMF_:ecore::EStructuralFeature = modelFacet.containmentMetaFeature.ecoreFeature in (let _eClass_:ecore::EClass = _containmentMF_.eContainingClass in _eClass_.ePackage.nsURI = 'http:///org/wso2/developerstudio/eclipse/gmf/esb' and _eClass_.name = 'EsbSequence') and _containmentMF_.name = 'output')"/>
  <childNodeTraces
      visualID="3519"
      queryText="(let _eClass_:ecore::EClass = modelFacet.metaClass.ecoreClass in _eClass_.ePackage.nsURI = 'http:///org/wso2/developerstudio/eclipse/gmf/esb' and _eClass_.name = 'DropMediator') and (let _containmentMF_:ecore::EStructuralFeature = modelFacet.containmentMetaFeature.ecoreFeature in (let _eClass_:ecore::EClass = _containmentMF_.eContainingClass in _eClass_.ePackage.nsURI = 'http:///org/wso2/developerstudio/eclipse/gmf/esb' and _eClass_.name = 'EsbSequence') and _containmentMF_.name = 'childMediators')"/>
  <childNodeTraces
      visualID="3520"
      queryText="(let _eClass_:ecore::EClass = modelFacet.metaClass.ecoreClass in _eClass_.ePackage.nsURI = 'http:///org/wso2/developerstudio/eclipse/gmf/esb' and _eClass_.name = 'DropMediatorInputConnector') and (let _containmentMF_:ecore::EStructuralFeature = modelFacet.containmentMetaFeature.ecoreFeature in (let _eClass_:ecore::EClass = _containmentMF_.eContainingClass in _eClass_.ePackage.nsURI = 'http:///org/wso2/developerstudio/eclipse/gmf/esb' and _eClass_.name = 'DropMediator') and _containmentMF_.name = 'inputConnector')"/>
  <childNodeTraces
      visualID="3521"
      queryText="(let _eClass_:ecore::EClass = modelFacet.metaClass.ecoreClass in _eClass_.ePackage.nsURI = 'http:///org/wso2/developerstudio/eclipse/gmf/esb' and _eClass_.name = 'EnrichMediator') and (let _containmentMF_:ecore::EStructuralFeature = modelFacet.containmentMetaFeature.ecoreFeature in (let _eClass_:ecore::EClass = _containmentMF_.eContainingClass in _eClass_.ePackage.nsURI = 'http:///org/wso2/developerstudio/eclipse/gmf/esb' and _eClass_.name = 'EsbSequence') and _containmentMF_.name = 'childMediators')">
    <nodeLabelTraces
        visualID="5003"
        queryText="true"/>
  </childNodeTraces>
  <childNodeTraces
      visualID="3522"
      queryText="(let _eClass_:ecore::EClass = modelFacet.metaClass.ecoreClass in _eClass_.ePackage.nsURI = 'http:///org/wso2/developerstudio/eclipse/gmf/esb' and _eClass_.name = 'EnrichMediatorInputConnector') and (let _containmentMF_:ecore::EStructuralFeature = modelFacet.containmentMetaFeature.ecoreFeature in (let _eClass_:ecore::EClass = _containmentMF_.eContainingClass in _eClass_.ePackage.nsURI = 'http:///org/wso2/developerstudio/eclipse/gmf/esb' and _eClass_.name = 'EnrichMediator') and _containmentMF_.name = 'inputConnector')"/>
  <childNodeTraces
      visualID="3523"
      queryText="(let _eClass_:ecore::EClass = modelFacet.metaClass.ecoreClass in _eClass_.ePackage.nsURI = 'http:///org/wso2/developerstudio/eclipse/gmf/esb' and _eClass_.name = 'EnrichMediatorOutputConnector') and (let _containmentMF_:ecore::EStructuralFeature = modelFacet.containmentMetaFeature.ecoreFeature in (let _eClass_:ecore::EClass = _containmentMF_.eContainingClass in _eClass_.ePackage.nsURI = 'http:///org/wso2/developerstudio/eclipse/gmf/esb' and _eClass_.name = 'EnrichMediator') and _containmentMF_.name = 'outputConnector')"/>
  <childNodeTraces
      visualID="3524"
      queryText="(let _eClass_:ecore::EClass = modelFacet.metaClass.ecoreClass in _eClass_.ePackage.nsURI = 'http:///org/wso2/developerstudio/eclipse/gmf/esb' and _eClass_.name = 'FilterMediator') and (let _containmentMF_:ecore::EStructuralFeature = modelFacet.containmentMetaFeature.ecoreFeature in (let _eClass_:ecore::EClass = _containmentMF_.eContainingClass in _eClass_.ePackage.nsURI = 'http:///org/wso2/developerstudio/eclipse/gmf/esb' and _eClass_.name = 'EsbSequence') and _containmentMF_.name = 'childMediators')">
    <nodeLabelTraces
        visualID="5004"
        queryText="true"/>
  </childNodeTraces>
  <childNodeTraces
      visualID="3525"
      queryText="(let _eClass_:ecore::EClass = modelFacet.metaClass.ecoreClass in _eClass_.ePackage.nsURI = 'http:///org/wso2/developerstudio/eclipse/gmf/esb' and _eClass_.name = 'FilterMediatorInputConnector') and (let _containmentMF_:ecore::EStructuralFeature = modelFacet.containmentMetaFeature.ecoreFeature in (let _eClass_:ecore::EClass = _containmentMF_.eContainingClass in _eClass_.ePackage.nsURI = 'http:///org/wso2/developerstudio/eclipse/gmf/esb' and _eClass_.name = 'FilterMediator') and _containmentMF_.name = 'inputConnector')"/>
  <childNodeTraces
      visualID="3526"
      queryText="(let _eClass_:ecore::EClass = modelFacet.metaClass.ecoreClass in _eClass_.ePackage.nsURI = 'http:///org/wso2/developerstudio/eclipse/gmf/esb' and _eClass_.name = 'FilterMediatorPassOutputConnector') and (let _containmentMF_:ecore::EStructuralFeature = modelFacet.containmentMetaFeature.ecoreFeature in (let _eClass_:ecore::EClass = _containmentMF_.eContainingClass in _eClass_.ePackage.nsURI = 'http:///org/wso2/developerstudio/eclipse/gmf/esb' and _eClass_.name = 'FilterMediator') and _containmentMF_.name = 'passOutputConnector')"/>
  <childNodeTraces
      visualID="3527"
      queryText="(let _eClass_:ecore::EClass = modelFacet.metaClass.ecoreClass in _eClass_.ePackage.nsURI = 'http:///org/wso2/developerstudio/eclipse/gmf/esb' and _eClass_.name = 'FilterMediatorFailOutputConnector') and (let _containmentMF_:ecore::EStructuralFeature = modelFacet.containmentMetaFeature.ecoreFeature in (let _eClass_:ecore::EClass = _containmentMF_.eContainingClass in _eClass_.ePackage.nsURI = 'http:///org/wso2/developerstudio/eclipse/gmf/esb' and _eClass_.name = 'FilterMediator') and _containmentMF_.name = 'failOutputConnector')"/>
  <childNodeTraces
      visualID="3528"
      queryText="(let _eClass_:ecore::EClass = modelFacet.metaClass.ecoreClass in _eClass_.ePackage.nsURI = 'http:///org/wso2/developerstudio/eclipse/gmf/esb' and _eClass_.name = 'XSLTMediator') and (let _containmentMF_:ecore::EStructuralFeature = modelFacet.containmentMetaFeature.ecoreFeature in (let _eClass_:ecore::EClass = _containmentMF_.eContainingClass in _eClass_.ePackage.nsURI = 'http:///org/wso2/developerstudio/eclipse/gmf/esb' and _eClass_.name = 'EsbSequence') and _containmentMF_.name = 'childMediators')"/>
  <childNodeTraces
      visualID="3529"
      queryText="(let _eClass_:ecore::EClass = modelFacet.metaClass.ecoreClass in _eClass_.ePackage.nsURI = 'http:///org/wso2/developerstudio/eclipse/gmf/esb' and _eClass_.name = 'XSLTMediatorInputConnector') and (let _containmentMF_:ecore::EStructuralFeature = modelFacet.containmentMetaFeature.ecoreFeature in (let _eClass_:ecore::EClass = _containmentMF_.eContainingClass in _eClass_.ePackage.nsURI = 'http:///org/wso2/developerstudio/eclipse/gmf/esb' and _eClass_.name = 'XSLTMediator') and _containmentMF_.name = 'inputConnector')"/>
  <childNodeTraces
      visualID="3530"
      queryText="(let _eClass_:ecore::EClass = modelFacet.metaClass.ecoreClass in _eClass_.ePackage.nsURI = 'http:///org/wso2/developerstudio/eclipse/gmf/esb' and _eClass_.name = 'XSLTMediatorOutputConnector') and (let _containmentMF_:ecore::EStructuralFeature = modelFacet.containmentMetaFeature.ecoreFeature in (let _eClass_:ecore::EClass = _containmentMF_.eContainingClass in _eClass_.ePackage.nsURI = 'http:///org/wso2/developerstudio/eclipse/gmf/esb' and _eClass_.name = 'XSLTMediator') and _containmentMF_.name = 'outputConnector')"/>
  <childNodeTraces
      visualID="3531"
      queryText="(let _eClass_:ecore::EClass = modelFacet.metaClass.ecoreClass in _eClass_.ePackage.nsURI = 'http:///org/wso2/developerstudio/eclipse/gmf/esb' and _eClass_.name = 'EventMediator') and (let _containmentMF_:ecore::EStructuralFeature = modelFacet.containmentMetaFeature.ecoreFeature in (let _eClass_:ecore::EClass = _containmentMF_.eContainingClass in _eClass_.ePackage.nsURI = 'http:///org/wso2/developerstudio/eclipse/gmf/esb' and _eClass_.name = 'EsbSequence') and _containmentMF_.name = 'childMediators')">
    <nodeLabelTraces
        visualID="5005"
        queryText="true"/>
  </childNodeTraces>
  <childNodeTraces
      visualID="3532"
      queryText="(let _eClass_:ecore::EClass = modelFacet.metaClass.ecoreClass in _eClass_.ePackage.nsURI = 'http:///org/wso2/developerstudio/eclipse/gmf/esb' and _eClass_.name = 'EventMediatorInputConnector') and (let _containmentMF_:ecore::EStructuralFeature = modelFacet.containmentMetaFeature.ecoreFeature in (let _eClass_:ecore::EClass = _containmentMF_.eContainingClass in _eClass_.ePackage.nsURI = 'http:///org/wso2/developerstudio/eclipse/gmf/esb' and _eClass_.name = 'EventMediator') and _containmentMF_.name = 'inputConnector')"/>
  <childNodeTraces
      visualID="3533"
      queryText="(let _eClass_:ecore::EClass = modelFacet.metaClass.ecoreClass in _eClass_.ePackage.nsURI = 'http:///org/wso2/developerstudio/eclipse/gmf/esb' and _eClass_.name = 'EventMediatorOutputConnector') and (let _containmentMF_:ecore::EStructuralFeature = modelFacet.containmentMetaFeature.ecoreFeature in (let _eClass_:ecore::EClass = _containmentMF_.eContainingClass in _eClass_.ePackage.nsURI = 'http:///org/wso2/developerstudio/eclipse/gmf/esb' and _eClass_.name = 'EventMediator') and _containmentMF_.name = 'outputConnector')"/>
  <childNodeTraces
      visualID="3534"
      queryText="(let _eClass_:ecore::EClass = modelFacet.metaClass.ecoreClass in _eClass_.ePackage.nsURI = 'http:///org/wso2/developerstudio/eclipse/gmf/esb' and _eClass_.name = 'EntitlementMediator') and (let _containmentMF_:ecore::EStructuralFeature = modelFacet.containmentMetaFeature.ecoreFeature in (let _eClass_:ecore::EClass = _containmentMF_.eContainingClass in _eClass_.ePackage.nsURI = 'http:///org/wso2/developerstudio/eclipse/gmf/esb' and _eClass_.name = 'EsbSequence') and _containmentMF_.name = 'childMediators')">
    <nodeLabelTraces
        visualID="5006"
        queryText="true"/>
  </childNodeTraces>
  <childNodeTraces
      visualID="3535"
      queryText="(let _eClass_:ecore::EClass = modelFacet.metaClass.ecoreClass in _eClass_.ePackage.nsURI = 'http:///org/wso2/developerstudio/eclipse/gmf/esb' and _eClass_.name = 'EntitlementMediatorInputConnector') and (let _containmentMF_:ecore::EStructuralFeature = modelFacet.containmentMetaFeature.ecoreFeature in (let _eClass_:ecore::EClass = _containmentMF_.eContainingClass in _eClass_.ePackage.nsURI = 'http:///org/wso2/developerstudio/eclipse/gmf/esb' and _eClass_.name = 'EntitlementMediator') and _containmentMF_.name = 'inputConnector')"/>
  <childNodeTraces
      visualID="3536"
      queryText="(let _eClass_:ecore::EClass = modelFacet.metaClass.ecoreClass in _eClass_.ePackage.nsURI = 'http:///org/wso2/developerstudio/eclipse/gmf/esb' and _eClass_.name = 'EntitlementMediatorOutputConnector') and (let _containmentMF_:ecore::EStructuralFeature = modelFacet.containmentMetaFeature.ecoreFeature in (let _eClass_:ecore::EClass = _containmentMF_.eContainingClass in _eClass_.ePackage.nsURI = 'http:///org/wso2/developerstudio/eclipse/gmf/esb' and _eClass_.name = 'EntitlementMediator') and _containmentMF_.name = 'outputConnector')"/>
  <childNodeTraces
      visualID="3537"
      queryText="(let _eClass_:ecore::EClass = modelFacet.metaClass.ecoreClass in _eClass_.ePackage.nsURI = 'http:///org/wso2/developerstudio/eclipse/gmf/esb' and _eClass_.name = 'SwitchMediator') and (let _containmentMF_:ecore::EStructuralFeature = modelFacet.containmentMetaFeature.ecoreFeature in (let _eClass_:ecore::EClass = _containmentMF_.eContainingClass in _eClass_.ePackage.nsURI = 'http:///org/wso2/developerstudio/eclipse/gmf/esb' and _eClass_.name = 'EsbSequence') and _containmentMF_.name = 'childMediators')"/>
  <childNodeTraces
      visualID="3538"
      queryText="(let _eClass_:ecore::EClass = modelFacet.metaClass.ecoreClass in _eClass_.ePackage.nsURI = 'http:///org/wso2/developerstudio/eclipse/gmf/esb' and _eClass_.name = 'SwitchMediatorInputConnector') and (let _containmentMF_:ecore::EStructuralFeature = modelFacet.containmentMetaFeature.ecoreFeature in (let _eClass_:ecore::EClass = _containmentMF_.eContainingClass in _eClass_.ePackage.nsURI = 'http:///org/wso2/developerstudio/eclipse/gmf/esb' and _eClass_.name = 'SwitchMediator') and _containmentMF_.name = 'inputConnector')"/>
  <childNodeTraces
      visualID="3539"
      queryText="(let _eClass_:ecore::EClass = modelFacet.metaClass.ecoreClass in _eClass_.ePackage.nsURI = 'http:///org/wso2/developerstudio/eclipse/gmf/esb' and _eClass_.name = 'SwitchCaseBranchOutputConnector') and (let _containmentMF_:ecore::EStructuralFeature = modelFacet.containmentMetaFeature.ecoreFeature in (let _eClass_:ecore::EClass = _containmentMF_.eContainingClass in _eClass_.ePackage.nsURI = 'http:///org/wso2/developerstudio/eclipse/gmf/esb' and _eClass_.name = 'SwitchMediator') and _containmentMF_.name = 'caseBranches')"/>
  <childNodeTraces
      visualID="3540"
      queryText="(let _eClass_:ecore::EClass = modelFacet.metaClass.ecoreClass in _eClass_.ePackage.nsURI = 'http:///org/wso2/developerstudio/eclipse/gmf/esb' and _eClass_.name = 'SwitchDefaultBranchOutputConnector') and (let _containmentMF_:ecore::EStructuralFeature = modelFacet.containmentMetaFeature.ecoreFeature in (let _eClass_:ecore::EClass = _containmentMF_.eContainingClass in _eClass_.ePackage.nsURI = 'http:///org/wso2/developerstudio/eclipse/gmf/esb' and _eClass_.name = 'SwitchMediator') and _containmentMF_.name = 'defaultBranch')"/>
  <childNodeTraces
      visualID="3541"
      queryText="(let _eClass_:ecore::EClass = modelFacet.metaClass.ecoreClass in _eClass_.ePackage.nsURI = 'http:///org/wso2/developerstudio/eclipse/gmf/esb' and _eClass_.name = 'ClassMediator') and (let _containmentMF_:ecore::EStructuralFeature = modelFacet.containmentMetaFeature.ecoreFeature in (let _eClass_:ecore::EClass = _containmentMF_.eContainingClass in _eClass_.ePackage.nsURI = 'http:///org/wso2/developerstudio/eclipse/gmf/esb' and _eClass_.name = 'EsbSequence') and _containmentMF_.name = 'childMediators')">
    <nodeLabelTraces
        visualID="5007"
        queryText="true"/>
  </childNodeTraces>
  <childNodeTraces
      visualID="3542"
      queryText="(let _eClass_:ecore::EClass = modelFacet.metaClass.ecoreClass in _eClass_.ePackage.nsURI = 'http:///org/wso2/developerstudio/eclipse/gmf/esb' and _eClass_.name = 'ClassMediatorInputConnector') and (let _containmentMF_:ecore::EStructuralFeature = modelFacet.containmentMetaFeature.ecoreFeature in (let _eClass_:ecore::EClass = _containmentMF_.eContainingClass in _eClass_.ePackage.nsURI = 'http:///org/wso2/developerstudio/eclipse/gmf/esb' and _eClass_.name = 'ClassMediator') and _containmentMF_.name = 'inputConnector')"/>
  <childNodeTraces
      visualID="3543"
      queryText="(let _eClass_:ecore::EClass = modelFacet.metaClass.ecoreClass in _eClass_.ePackage.nsURI = 'http:///org/wso2/developerstudio/eclipse/gmf/esb' and _eClass_.name = 'ClassMediatorOutputConnector') and (let _containmentMF_:ecore::EStructuralFeature = modelFacet.containmentMetaFeature.ecoreFeature in (let _eClass_:ecore::EClass = _containmentMF_.eContainingClass in _eClass_.ePackage.nsURI = 'http:///org/wso2/developerstudio/eclipse/gmf/esb' and _eClass_.name = 'ClassMediator') and _containmentMF_.name = 'outputConnector')"/>
  <childNodeTraces
      visualID="3544"
      queryText="(let _eClass_:ecore::EClass = modelFacet.metaClass.ecoreClass in _eClass_.ePackage.nsURI = 'http:///org/wso2/developerstudio/eclipse/gmf/esb' and _eClass_.name = 'SpringMediator') and (let _containmentMF_:ecore::EStructuralFeature = modelFacet.containmentMetaFeature.ecoreFeature in (let _eClass_:ecore::EClass = _containmentMF_.eContainingClass in _eClass_.ePackage.nsURI = 'http:///org/wso2/developerstudio/eclipse/gmf/esb' and _eClass_.name = 'EsbSequence') and _containmentMF_.name = 'childMediators')">
    <nodeLabelTraces
        visualID="5008"
        queryText="true"/>
  </childNodeTraces>
  <childNodeTraces
      visualID="3545"
      queryText="(let _eClass_:ecore::EClass = modelFacet.metaClass.ecoreClass in _eClass_.ePackage.nsURI = 'http:///org/wso2/developerstudio/eclipse/gmf/esb' and _eClass_.name = 'SpringMediatorInputConnector') and (let _containmentMF_:ecore::EStructuralFeature = modelFacet.containmentMetaFeature.ecoreFeature in (let _eClass_:ecore::EClass = _containmentMF_.eContainingClass in _eClass_.ePackage.nsURI = 'http:///org/wso2/developerstudio/eclipse/gmf/esb' and _eClass_.name = 'SpringMediator') and _containmentMF_.name = 'inputConnector')"/>
  <childNodeTraces
      visualID="3546"
      queryText="(let _eClass_:ecore::EClass = modelFacet.metaClass.ecoreClass in _eClass_.ePackage.nsURI = 'http:///org/wso2/developerstudio/eclipse/gmf/esb' and _eClass_.name = 'SpringMediatorOutputConnector') and (let _containmentMF_:ecore::EStructuralFeature = modelFacet.containmentMetaFeature.ecoreFeature in (let _eClass_:ecore::EClass = _containmentMF_.eContainingClass in _eClass_.ePackage.nsURI = 'http:///org/wso2/developerstudio/eclipse/gmf/esb' and _eClass_.name = 'SpringMediator') and _containmentMF_.name = 'outputConnector')"/>
  <childNodeTraces
      visualID="3547"
      queryText="(let _eClass_:ecore::EClass = modelFacet.metaClass.ecoreClass in _eClass_.ePackage.nsURI = 'http:///org/wso2/developerstudio/eclipse/gmf/esb' and _eClass_.name = 'ScriptMediator') and (let _containmentMF_:ecore::EStructuralFeature = modelFacet.containmentMetaFeature.ecoreFeature in (let _eClass_:ecore::EClass = _containmentMF_.eContainingClass in _eClass_.ePackage.nsURI = 'http:///org/wso2/developerstudio/eclipse/gmf/esb' and _eClass_.name = 'EsbSequence') and _containmentMF_.name = 'childMediators')">
    <nodeLabelTraces
        visualID="5009"
        queryText="true"/>
  </childNodeTraces>
  <childNodeTraces
      visualID="3548"
      queryText="(let _eClass_:ecore::EClass = modelFacet.metaClass.ecoreClass in _eClass_.ePackage.nsURI = 'http:///org/wso2/developerstudio/eclipse/gmf/esb' and _eClass_.name = 'ScriptMediatorInputConnector') and (let _containmentMF_:ecore::EStructuralFeature = modelFacet.containmentMetaFeature.ecoreFeature in (let _eClass_:ecore::EClass = _containmentMF_.eContainingClass in _eClass_.ePackage.nsURI = 'http:///org/wso2/developerstudio/eclipse/gmf/esb' and _eClass_.name = 'ScriptMediator') and _containmentMF_.name = 'inputConnector')"/>
  <childNodeTraces
      visualID="3549"
      queryText="(let _eClass_:ecore::EClass = modelFacet.metaClass.ecoreClass in _eClass_.ePackage.nsURI = 'http:///org/wso2/developerstudio/eclipse/gmf/esb' and _eClass_.name = 'ScriptMediatorOutputConnector') and (let _containmentMF_:ecore::EStructuralFeature = modelFacet.containmentMetaFeature.ecoreFeature in (let _eClass_:ecore::EClass = _containmentMF_.eContainingClass in _eClass_.ePackage.nsURI = 'http:///org/wso2/developerstudio/eclipse/gmf/esb' and _eClass_.name = 'ScriptMediator') and _containmentMF_.name = 'outputConnector')"/>
  <childNodeTraces
      visualID="3550"
      queryText="(let _eClass_:ecore::EClass = modelFacet.metaClass.ecoreClass in _eClass_.ePackage.nsURI = 'http:///org/wso2/developerstudio/eclipse/gmf/esb' and _eClass_.name = 'FaultMediator') and (let _containmentMF_:ecore::EStructuralFeature = modelFacet.containmentMetaFeature.ecoreFeature in (let _eClass_:ecore::EClass = _containmentMF_.eContainingClass in _eClass_.ePackage.nsURI = 'http:///org/wso2/developerstudio/eclipse/gmf/esb' and _eClass_.name = 'EsbSequence') and _containmentMF_.name = 'childMediators')">
    <nodeLabelTraces
        visualID="5010"
        queryText="true"/>
  </childNodeTraces>
  <childNodeTraces
      visualID="3551"
      queryText="(let _eClass_:ecore::EClass = modelFacet.metaClass.ecoreClass in _eClass_.ePackage.nsURI = 'http:///org/wso2/developerstudio/eclipse/gmf/esb' and _eClass_.name = 'FaultMediatorInputConnector') and (let _containmentMF_:ecore::EStructuralFeature = modelFacet.containmentMetaFeature.ecoreFeature in (let _eClass_:ecore::EClass = _containmentMF_.eContainingClass in _eClass_.ePackage.nsURI = 'http:///org/wso2/developerstudio/eclipse/gmf/esb' and _eClass_.name = 'FaultMediator') and _containmentMF_.name = 'inputConnector')"/>
  <childNodeTraces
      visualID="3552"
      queryText="(let _eClass_:ecore::EClass = modelFacet.metaClass.ecoreClass in _eClass_.ePackage.nsURI = 'http:///org/wso2/developerstudio/eclipse/gmf/esb' and _eClass_.name = 'FaultMediatorOutputConnector') and (let _containmentMF_:ecore::EStructuralFeature = modelFacet.containmentMetaFeature.ecoreFeature in (let _eClass_:ecore::EClass = _containmentMF_.eContainingClass in _eClass_.ePackage.nsURI = 'http:///org/wso2/developerstudio/eclipse/gmf/esb' and _eClass_.name = 'FaultMediator') and _containmentMF_.name = 'outputConnector')"/>
  <childNodeTraces
      visualID="3553"
      queryText="(let _eClass_:ecore::EClass = modelFacet.metaClass.ecoreClass in _eClass_.ePackage.nsURI = 'http:///org/wso2/developerstudio/eclipse/gmf/esb' and _eClass_.name = 'XQueryMediator') and (let _containmentMF_:ecore::EStructuralFeature = modelFacet.containmentMetaFeature.ecoreFeature in (let _eClass_:ecore::EClass = _containmentMF_.eContainingClass in _eClass_.ePackage.nsURI = 'http:///org/wso2/developerstudio/eclipse/gmf/esb' and _eClass_.name = 'EsbSequence') and _containmentMF_.name = 'childMediators')">
    <nodeLabelTraces
        visualID="5011"
        queryText="true"/>
  </childNodeTraces>
  <childNodeTraces
      visualID="3554"
      queryText="(let _eClass_:ecore::EClass = modelFacet.metaClass.ecoreClass in _eClass_.ePackage.nsURI = 'http:///org/wso2/developerstudio/eclipse/gmf/esb' and _eClass_.name = 'XQueryMediatorInputConnector') and (let _containmentMF_:ecore::EStructuralFeature = modelFacet.containmentMetaFeature.ecoreFeature in (let _eClass_:ecore::EClass = _containmentMF_.eContainingClass in _eClass_.ePackage.nsURI = 'http:///org/wso2/developerstudio/eclipse/gmf/esb' and _eClass_.name = 'XQueryMediator') and _containmentMF_.name = 'inputConnector')"/>
  <childNodeTraces
      visualID="3555"
      queryText="(let _eClass_:ecore::EClass = modelFacet.metaClass.ecoreClass in _eClass_.ePackage.nsURI = 'http:///org/wso2/developerstudio/eclipse/gmf/esb' and _eClass_.name = 'XQueryMediatorOutputConnector') and (let _containmentMF_:ecore::EStructuralFeature = modelFacet.containmentMetaFeature.ecoreFeature in (let _eClass_:ecore::EClass = _containmentMF_.eContainingClass in _eClass_.ePackage.nsURI = 'http:///org/wso2/developerstudio/eclipse/gmf/esb' and _eClass_.name = 'XQueryMediator') and _containmentMF_.name = 'outputConnector')"/>
  <childNodeTraces
      visualID="3556"
      queryText="(let _eClass_:ecore::EClass = modelFacet.metaClass.ecoreClass in _eClass_.ePackage.nsURI = 'http:///org/wso2/developerstudio/eclipse/gmf/esb' and _eClass_.name = 'CommandMediator') and (let _containmentMF_:ecore::EStructuralFeature = modelFacet.containmentMetaFeature.ecoreFeature in (let _eClass_:ecore::EClass = _containmentMF_.eContainingClass in _eClass_.ePackage.nsURI = 'http:///org/wso2/developerstudio/eclipse/gmf/esb' and _eClass_.name = 'EsbSequence') and _containmentMF_.name = 'childMediators')">
    <nodeLabelTraces
        visualID="5012"
        queryText="true"/>
  </childNodeTraces>
  <childNodeTraces
      visualID="3557"
      queryText="(let _eClass_:ecore::EClass = modelFacet.metaClass.ecoreClass in _eClass_.ePackage.nsURI = 'http:///org/wso2/developerstudio/eclipse/gmf/esb' and _eClass_.name = 'CommandMediatorInputConnector') and (let _containmentMF_:ecore::EStructuralFeature = modelFacet.containmentMetaFeature.ecoreFeature in (let _eClass_:ecore::EClass = _containmentMF_.eContainingClass in _eClass_.ePackage.nsURI = 'http:///org/wso2/developerstudio/eclipse/gmf/esb' and _eClass_.name = 'CommandMediator') and _containmentMF_.name = 'inputConnector')"/>
  <childNodeTraces
      visualID="3558"
      queryText="(let _eClass_:ecore::EClass = modelFacet.metaClass.ecoreClass in _eClass_.ePackage.nsURI = 'http:///org/wso2/developerstudio/eclipse/gmf/esb' and _eClass_.name = 'CommandMediatorOutputConnector') and (let _containmentMF_:ecore::EStructuralFeature = modelFacet.containmentMetaFeature.ecoreFeature in (let _eClass_:ecore::EClass = _containmentMF_.eContainingClass in _eClass_.ePackage.nsURI = 'http:///org/wso2/developerstudio/eclipse/gmf/esb' and _eClass_.name = 'CommandMediator') and _containmentMF_.name = 'outputConnector')"/>
  <childNodeTraces
      visualID="3559"
      queryText="(let _eClass_:ecore::EClass = modelFacet.metaClass.ecoreClass in _eClass_.ePackage.nsURI = 'http:///org/wso2/developerstudio/eclipse/gmf/esb' and _eClass_.name = 'DBLookupMediator') and (let _containmentMF_:ecore::EStructuralFeature = modelFacet.containmentMetaFeature.ecoreFeature in (let _eClass_:ecore::EClass = _containmentMF_.eContainingClass in _eClass_.ePackage.nsURI = 'http:///org/wso2/developerstudio/eclipse/gmf/esb' and _eClass_.name = 'EsbSequence') and _containmentMF_.name = 'childMediators')">
    <nodeLabelTraces
        visualID="5013"
        queryText="true"/>
  </childNodeTraces>
  <childNodeTraces
      visualID="3560"
      queryText="(let _eClass_:ecore::EClass = modelFacet.metaClass.ecoreClass in _eClass_.ePackage.nsURI = 'http:///org/wso2/developerstudio/eclipse/gmf/esb' and _eClass_.name = 'DBLookupMediatorInputConnector') and (let _containmentMF_:ecore::EStructuralFeature = modelFacet.containmentMetaFeature.ecoreFeature in (let _eClass_:ecore::EClass = _containmentMF_.eContainingClass in _eClass_.ePackage.nsURI = 'http:///org/wso2/developerstudio/eclipse/gmf/esb' and _eClass_.name = 'DBLookupMediator') and _containmentMF_.name = 'inputConnector')"/>
  <childNodeTraces
      visualID="3561"
      queryText="(let _eClass_:ecore::EClass = modelFacet.metaClass.ecoreClass in _eClass_.ePackage.nsURI = 'http:///org/wso2/developerstudio/eclipse/gmf/esb' and _eClass_.name = 'DBLookupMediatorOutputConnector') and (let _containmentMF_:ecore::EStructuralFeature = modelFacet.containmentMetaFeature.ecoreFeature in (let _eClass_:ecore::EClass = _containmentMF_.eContainingClass in _eClass_.ePackage.nsURI = 'http:///org/wso2/developerstudio/eclipse/gmf/esb' and _eClass_.name = 'DBLookupMediator') and _containmentMF_.name = 'outputConnector')"/>
  <childNodeTraces
      visualID="3562"
      queryText="(let _eClass_:ecore::EClass = modelFacet.metaClass.ecoreClass in _eClass_.ePackage.nsURI = 'http:///org/wso2/developerstudio/eclipse/gmf/esb' and _eClass_.name = 'DBReportMediator') and (let _containmentMF_:ecore::EStructuralFeature = modelFacet.containmentMetaFeature.ecoreFeature in (let _eClass_:ecore::EClass = _containmentMF_.eContainingClass in _eClass_.ePackage.nsURI = 'http:///org/wso2/developerstudio/eclipse/gmf/esb' and _eClass_.name = 'EsbSequence') and _containmentMF_.name = 'childMediators')">
    <nodeLabelTraces
        visualID="5014"
        queryText="true"/>
  </childNodeTraces>
  <childNodeTraces
      visualID="3563"
      queryText="(let _eClass_:ecore::EClass = modelFacet.metaClass.ecoreClass in _eClass_.ePackage.nsURI = 'http:///org/wso2/developerstudio/eclipse/gmf/esb' and _eClass_.name = 'DBReportMediatorInputConnector') and (let _containmentMF_:ecore::EStructuralFeature = modelFacet.containmentMetaFeature.ecoreFeature in (let _eClass_:ecore::EClass = _containmentMF_.eContainingClass in _eClass_.ePackage.nsURI = 'http:///org/wso2/developerstudio/eclipse/gmf/esb' and _eClass_.name = 'DBReportMediator') and _containmentMF_.name = 'inputConnector')"/>
  <childNodeTraces
      visualID="3564"
      queryText="(let _eClass_:ecore::EClass = modelFacet.metaClass.ecoreClass in _eClass_.ePackage.nsURI = 'http:///org/wso2/developerstudio/eclipse/gmf/esb' and _eClass_.name = 'DBReportMediatorOutputConnector') and (let _containmentMF_:ecore::EStructuralFeature = modelFacet.containmentMetaFeature.ecoreFeature in (let _eClass_:ecore::EClass = _containmentMF_.eContainingClass in _eClass_.ePackage.nsURI = 'http:///org/wso2/developerstudio/eclipse/gmf/esb' and _eClass_.name = 'DBReportMediator') and _containmentMF_.name = 'outputConnector')"/>
  <childNodeTraces
      visualID="3565"
      queryText="(let _eClass_:ecore::EClass = modelFacet.metaClass.ecoreClass in _eClass_.ePackage.nsURI = 'http:///org/wso2/developerstudio/eclipse/gmf/esb' and _eClass_.name = 'SmooksMediator') and (let _containmentMF_:ecore::EStructuralFeature = modelFacet.containmentMetaFeature.ecoreFeature in (let _eClass_:ecore::EClass = _containmentMF_.eContainingClass in _eClass_.ePackage.nsURI = 'http:///org/wso2/developerstudio/eclipse/gmf/esb' and _eClass_.name = 'EsbSequence') and _containmentMF_.name = 'childMediators')"/>
  <childNodeTraces
      visualID="3566"
      queryText="(let _eClass_:ecore::EClass = modelFacet.metaClass.ecoreClass in _eClass_.ePackage.nsURI = 'http:///org/wso2/developerstudio/eclipse/gmf/esb' and _eClass_.name = 'SmooksMediatorInputConnector') and (let _containmentMF_:ecore::EStructuralFeature = modelFacet.containmentMetaFeature.ecoreFeature in (let _eClass_:ecore::EClass = _containmentMF_.eContainingClass in _eClass_.ePackage.nsURI = 'http:///org/wso2/developerstudio/eclipse/gmf/esb' and _eClass_.name = 'SmooksMediator') and _containmentMF_.name = 'inputConnector')"/>
  <childNodeTraces
      visualID="3567"
      queryText="(let _eClass_:ecore::EClass = modelFacet.metaClass.ecoreClass in _eClass_.ePackage.nsURI = 'http:///org/wso2/developerstudio/eclipse/gmf/esb' and _eClass_.name = 'SmooksMediatorOutputConnector') and (let _containmentMF_:ecore::EStructuralFeature = modelFacet.containmentMetaFeature.ecoreFeature in (let _eClass_:ecore::EClass = _containmentMF_.eContainingClass in _eClass_.ePackage.nsURI = 'http:///org/wso2/developerstudio/eclipse/gmf/esb' and _eClass_.name = 'SmooksMediator') and _containmentMF_.name = 'outputConnector')"/>
  <childNodeTraces
      visualID="3568"
      queryText="(let _eClass_:ecore::EClass = modelFacet.metaClass.ecoreClass in _eClass_.ePackage.nsURI = 'http:///org/wso2/developerstudio/eclipse/gmf/esb' and _eClass_.name = 'SendMediator') and (let _containmentMF_:ecore::EStructuralFeature = modelFacet.containmentMetaFeature.ecoreFeature in (let _eClass_:ecore::EClass = _containmentMF_.eContainingClass in _eClass_.ePackage.nsURI = 'http:///org/wso2/developerstudio/eclipse/gmf/esb' and _eClass_.name = 'EsbSequence') and _containmentMF_.name = 'childMediators')"/>
  <childNodeTraces
      visualID="3569"
      queryText="(let _eClass_:ecore::EClass = modelFacet.metaClass.ecoreClass in _eClass_.ePackage.nsURI = 'http:///org/wso2/developerstudio/eclipse/gmf/esb' and _eClass_.name = 'SendMediatorInputConnector') and (let _containmentMF_:ecore::EStructuralFeature = modelFacet.containmentMetaFeature.ecoreFeature in (let _eClass_:ecore::EClass = _containmentMF_.eContainingClass in _eClass_.ePackage.nsURI = 'http:///org/wso2/developerstudio/eclipse/gmf/esb' and _eClass_.name = 'SendMediator') and _containmentMF_.name = 'InputConnector')"/>
  <childNodeTraces
      visualID="3570"
      queryText="(let _eClass_:ecore::EClass = modelFacet.metaClass.ecoreClass in _eClass_.ePackage.nsURI = 'http:///org/wso2/developerstudio/eclipse/gmf/esb' and _eClass_.name = 'SendMediatorOutputConnector') and (let _containmentMF_:ecore::EStructuralFeature = modelFacet.containmentMetaFeature.ecoreFeature in (let _eClass_:ecore::EClass = _containmentMF_.eContainingClass in _eClass_.ePackage.nsURI = 'http:///org/wso2/developerstudio/eclipse/gmf/esb' and _eClass_.name = 'SendMediator') and _containmentMF_.name = 'OutputConnector')"/>
  <childNodeTraces
      visualID="3571"
      queryText="(let _eClass_:ecore::EClass = modelFacet.metaClass.ecoreClass in _eClass_.ePackage.nsURI = 'http:///org/wso2/developerstudio/eclipse/gmf/esb' and _eClass_.name = 'HeaderMediator') and (let _containmentMF_:ecore::EStructuralFeature = modelFacet.containmentMetaFeature.ecoreFeature in (let _eClass_:ecore::EClass = _containmentMF_.eContainingClass in _eClass_.ePackage.nsURI = 'http:///org/wso2/developerstudio/eclipse/gmf/esb' and _eClass_.name = 'EsbSequence') and _containmentMF_.name = 'childMediators')">
    <nodeLabelTraces
        visualID="5015"
        queryText="true"/>
  </childNodeTraces>
  <childNodeTraces
      visualID="3572"
      queryText="(let _eClass_:ecore::EClass = modelFacet.metaClass.ecoreClass in _eClass_.ePackage.nsURI = 'http:///org/wso2/developerstudio/eclipse/gmf/esb' and _eClass_.name = 'HeaderMediatorInputConnector') and (let _containmentMF_:ecore::EStructuralFeature = modelFacet.containmentMetaFeature.ecoreFeature in (let _eClass_:ecore::EClass = _containmentMF_.eContainingClass in _eClass_.ePackage.nsURI = 'http:///org/wso2/developerstudio/eclipse/gmf/esb' and _eClass_.name = 'HeaderMediator') and _containmentMF_.name = 'inputConnector')"/>
  <childNodeTraces
      visualID="3573"
      queryText="(let _eClass_:ecore::EClass = modelFacet.metaClass.ecoreClass in _eClass_.ePackage.nsURI = 'http:///org/wso2/developerstudio/eclipse/gmf/esb' and _eClass_.name = 'HeaderMediatorOutputConnector') and (let _containmentMF_:ecore::EStructuralFeature = modelFacet.containmentMetaFeature.ecoreFeature in (let _eClass_:ecore::EClass = _containmentMF_.eContainingClass in _eClass_.ePackage.nsURI = 'http:///org/wso2/developerstudio/eclipse/gmf/esb' and _eClass_.name = 'HeaderMediator') and _containmentMF_.name = 'outputConnector')"/>
  <childNodeTraces
      visualID="3574"
      queryText="(let _eClass_:ecore::EClass = modelFacet.metaClass.ecoreClass in _eClass_.ePackage.nsURI = 'http:///org/wso2/developerstudio/eclipse/gmf/esb' and _eClass_.name = 'CloneMediator') and (let _containmentMF_:ecore::EStructuralFeature = modelFacet.containmentMetaFeature.ecoreFeature in (let _eClass_:ecore::EClass = _containmentMF_.eContainingClass in _eClass_.ePackage.nsURI = 'http:///org/wso2/developerstudio/eclipse/gmf/esb' and _eClass_.name = 'EsbSequence') and _containmentMF_.name = 'childMediators')">
    <nodeLabelTraces
        visualID="5016"
        queryText="true"/>
  </childNodeTraces>
  <childNodeTraces
      visualID="3575"
      queryText="(let _eClass_:ecore::EClass = modelFacet.metaClass.ecoreClass in _eClass_.ePackage.nsURI = 'http:///org/wso2/developerstudio/eclipse/gmf/esb' and _eClass_.name = 'CloneMediatorInputConnector') and (let _containmentMF_:ecore::EStructuralFeature = modelFacet.containmentMetaFeature.ecoreFeature in (let _eClass_:ecore::EClass = _containmentMF_.eContainingClass in _eClass_.ePackage.nsURI = 'http:///org/wso2/developerstudio/eclipse/gmf/esb' and _eClass_.name = 'CloneMediator') and _containmentMF_.name = 'inputConnector')"/>
  <childNodeTraces
      visualID="3576"
      queryText="(let _eClass_:ecore::EClass = modelFacet.metaClass.ecoreClass in _eClass_.ePackage.nsURI = 'http:///org/wso2/developerstudio/eclipse/gmf/esb' and _eClass_.name = 'CloneMediatorOutputConnector') and (let _containmentMF_:ecore::EStructuralFeature = modelFacet.containmentMetaFeature.ecoreFeature in (let _eClass_:ecore::EClass = _containmentMF_.eContainingClass in _eClass_.ePackage.nsURI = 'http:///org/wso2/developerstudio/eclipse/gmf/esb' and _eClass_.name = 'CloneMediator') and _containmentMF_.name = 'outputConnector')"/>
  <childNodeTraces
      visualID="3577"
      queryText="(let _eClass_:ecore::EClass = modelFacet.metaClass.ecoreClass in _eClass_.ePackage.nsURI = 'http:///org/wso2/developerstudio/eclipse/gmf/esb' and _eClass_.name = 'CacheMediator') and (let _containmentMF_:ecore::EStructuralFeature = modelFacet.containmentMetaFeature.ecoreFeature in (let _eClass_:ecore::EClass = _containmentMF_.eContainingClass in _eClass_.ePackage.nsURI = 'http:///org/wso2/developerstudio/eclipse/gmf/esb' and _eClass_.name = 'EsbSequence') and _containmentMF_.name = 'childMediators')">
    <nodeLabelTraces
        visualID="5017"
        queryText="true"/>
  </childNodeTraces>
  <childNodeTraces
      visualID="3578"
      queryText="(let _eClass_:ecore::EClass = modelFacet.metaClass.ecoreClass in _eClass_.ePackage.nsURI = 'http:///org/wso2/developerstudio/eclipse/gmf/esb' and _eClass_.name = 'CacheMediatorInputConnector') and (let _containmentMF_:ecore::EStructuralFeature = modelFacet.containmentMetaFeature.ecoreFeature in (let _eClass_:ecore::EClass = _containmentMF_.eContainingClass in _eClass_.ePackage.nsURI = 'http:///org/wso2/developerstudio/eclipse/gmf/esb' and _eClass_.name = 'CacheMediator') and _containmentMF_.name = 'inputConnector')"/>
  <childNodeTraces
      visualID="3579"
      queryText="(let _eClass_:ecore::EClass = modelFacet.metaClass.ecoreClass in _eClass_.ePackage.nsURI = 'http:///org/wso2/developerstudio/eclipse/gmf/esb' and _eClass_.name = 'CacheMediatorOutputConnector') and (let _containmentMF_:ecore::EStructuralFeature = modelFacet.containmentMetaFeature.ecoreFeature in (let _eClass_:ecore::EClass = _containmentMF_.eContainingClass in _eClass_.ePackage.nsURI = 'http:///org/wso2/developerstudio/eclipse/gmf/esb' and _eClass_.name = 'CacheMediator') and _containmentMF_.name = 'outputConnector')"/>
  <childNodeTraces
      visualID="3580"
      queryText="(let _eClass_:ecore::EClass = modelFacet.metaClass.ecoreClass in _eClass_.ePackage.nsURI = 'http:///org/wso2/developerstudio/eclipse/gmf/esb' and _eClass_.name = 'IterateMediator') and (let _containmentMF_:ecore::EStructuralFeature = modelFacet.containmentMetaFeature.ecoreFeature in (let _eClass_:ecore::EClass = _containmentMF_.eContainingClass in _eClass_.ePackage.nsURI = 'http:///org/wso2/developerstudio/eclipse/gmf/esb' and _eClass_.name = 'EsbSequence') and _containmentMF_.name = 'childMediators')">
    <nodeLabelTraces
        visualID="5018"
        queryText="true"/>
  </childNodeTraces>
  <childNodeTraces
      visualID="3581"
      queryText="(let _eClass_:ecore::EClass = modelFacet.metaClass.ecoreClass in _eClass_.ePackage.nsURI = 'http:///org/wso2/developerstudio/eclipse/gmf/esb' and _eClass_.name = 'IterateMediatorInputConnector') and (let _containmentMF_:ecore::EStructuralFeature = modelFacet.containmentMetaFeature.ecoreFeature in (let _eClass_:ecore::EClass = _containmentMF_.eContainingClass in _eClass_.ePackage.nsURI = 'http:///org/wso2/developerstudio/eclipse/gmf/esb' and _eClass_.name = 'IterateMediator') and _containmentMF_.name = 'inputConnector')"/>
  <childNodeTraces
      visualID="3582"
      queryText="(let _eClass_:ecore::EClass = modelFacet.metaClass.ecoreClass in _eClass_.ePackage.nsURI = 'http:///org/wso2/developerstudio/eclipse/gmf/esb' and _eClass_.name = 'IterateMediatorOutputConnector') and (let _containmentMF_:ecore::EStructuralFeature = modelFacet.containmentMetaFeature.ecoreFeature in (let _eClass_:ecore::EClass = _containmentMF_.eContainingClass in _eClass_.ePackage.nsURI = 'http:///org/wso2/developerstudio/eclipse/gmf/esb' and _eClass_.name = 'IterateMediator') and _containmentMF_.name = 'outputConnector')"/>
  <childNodeTraces
      visualID="3583"
      queryText="(let _eClass_:ecore::EClass = modelFacet.metaClass.ecoreClass in _eClass_.ePackage.nsURI = 'http:///org/wso2/developerstudio/eclipse/gmf/esb' and _eClass_.name = 'AggregateMediator') and (let _containmentMF_:ecore::EStructuralFeature = modelFacet.containmentMetaFeature.ecoreFeature in (let _eClass_:ecore::EClass = _containmentMF_.eContainingClass in _eClass_.ePackage.nsURI = 'http:///org/wso2/developerstudio/eclipse/gmf/esb' and _eClass_.name = 'EsbSequence') and _containmentMF_.name = 'childMediators')">
    <nodeLabelTraces
        visualID="5019"
        queryText="true"/>
  </childNodeTraces>
  <childNodeTraces
      visualID="3584"
      queryText="(let _eClass_:ecore::EClass = modelFacet.metaClass.ecoreClass in _eClass_.ePackage.nsURI = 'http:///org/wso2/developerstudio/eclipse/gmf/esb' and _eClass_.name = 'AggregateMediatorInputConnector') and (let _containmentMF_:ecore::EStructuralFeature = modelFacet.containmentMetaFeature.ecoreFeature in (let _eClass_:ecore::EClass = _containmentMF_.eContainingClass in _eClass_.ePackage.nsURI = 'http:///org/wso2/developerstudio/eclipse/gmf/esb' and _eClass_.name = 'AggregateMediator') and _containmentMF_.name = 'inputConnector')"/>
  <childNodeTraces
      visualID="3585"
      queryText="(let _eClass_:ecore::EClass = modelFacet.metaClass.ecoreClass in _eClass_.ePackage.nsURI = 'http:///org/wso2/developerstudio/eclipse/gmf/esb' and _eClass_.name = 'AggregateMediatorOutputConnector') and (let _containmentMF_:ecore::EStructuralFeature = modelFacet.containmentMetaFeature.ecoreFeature in (let _eClass_:ecore::EClass = _containmentMF_.eContainingClass in _eClass_.ePackage.nsURI = 'http:///org/wso2/developerstudio/eclipse/gmf/esb' and _eClass_.name = 'AggregateMediator') and _containmentMF_.name = 'outputConnector')"/>
  <childNodeTraces
      visualID="3586"
      queryText="(let _eClass_:ecore::EClass = modelFacet.metaClass.ecoreClass in _eClass_.ePackage.nsURI = 'http:///org/wso2/developerstudio/eclipse/gmf/esb' and _eClass_.name = 'CalloutMediator') and (let _containmentMF_:ecore::EStructuralFeature = modelFacet.containmentMetaFeature.ecoreFeature in (let _eClass_:ecore::EClass = _containmentMF_.eContainingClass in _eClass_.ePackage.nsURI = 'http:///org/wso2/developerstudio/eclipse/gmf/esb' and _eClass_.name = 'EsbSequence') and _containmentMF_.name = 'childMediators')">
    <nodeLabelTraces
        visualID="5020"
        queryText="true"/>
  </childNodeTraces>
  <childNodeTraces
      visualID="3587"
      queryText="(let _eClass_:ecore::EClass = modelFacet.metaClass.ecoreClass in _eClass_.ePackage.nsURI = 'http:///org/wso2/developerstudio/eclipse/gmf/esb' and _eClass_.name = 'CalloutMediatorInputConnector') and (let _containmentMF_:ecore::EStructuralFeature = modelFacet.containmentMetaFeature.ecoreFeature in (let _eClass_:ecore::EClass = _containmentMF_.eContainingClass in _eClass_.ePackage.nsURI = 'http:///org/wso2/developerstudio/eclipse/gmf/esb' and _eClass_.name = 'CalloutMediator') and _containmentMF_.name = 'inputConnector')"/>
  <childNodeTraces
      visualID="3588"
      queryText="(let _eClass_:ecore::EClass = modelFacet.metaClass.ecoreClass in _eClass_.ePackage.nsURI = 'http:///org/wso2/developerstudio/eclipse/gmf/esb' and _eClass_.name = 'CalloutMediatorOutputConnector') and (let _containmentMF_:ecore::EStructuralFeature = modelFacet.containmentMetaFeature.ecoreFeature in (let _eClass_:ecore::EClass = _containmentMF_.eContainingClass in _eClass_.ePackage.nsURI = 'http:///org/wso2/developerstudio/eclipse/gmf/esb' and _eClass_.name = 'CalloutMediator') and _containmentMF_.name = 'outputConnector')"/>
  <childNodeTraces
      visualID="3589"
      queryText="(let _eClass_:ecore::EClass = modelFacet.metaClass.ecoreClass in _eClass_.ePackage.nsURI = 'http:///org/wso2/developerstudio/eclipse/gmf/esb' and _eClass_.name = 'TransactionMediator') and (let _containmentMF_:ecore::EStructuralFeature = modelFacet.containmentMetaFeature.ecoreFeature in (let _eClass_:ecore::EClass = _containmentMF_.eContainingClass in _eClass_.ePackage.nsURI = 'http:///org/wso2/developerstudio/eclipse/gmf/esb' and _eClass_.name = 'EsbSequence') and _containmentMF_.name = 'childMediators')"/>
  <childNodeTraces
      visualID="3590"
      queryText="(let _eClass_:ecore::EClass = modelFacet.metaClass.ecoreClass in _eClass_.ePackage.nsURI = 'http:///org/wso2/developerstudio/eclipse/gmf/esb' and _eClass_.name = 'TransactionMediatorInputConnector') and (let _containmentMF_:ecore::EStructuralFeature = modelFacet.containmentMetaFeature.ecoreFeature in (let _eClass_:ecore::EClass = _containmentMF_.eContainingClass in _eClass_.ePackage.nsURI = 'http:///org/wso2/developerstudio/eclipse/gmf/esb' and _eClass_.name = 'TransactionMediator') and _containmentMF_.name = 'inputConnector')"/>
  <childNodeTraces
      visualID="3591"
      queryText="(let _eClass_:ecore::EClass = modelFacet.metaClass.ecoreClass in _eClass_.ePackage.nsURI = 'http:///org/wso2/developerstudio/eclipse/gmf/esb' and _eClass_.name = 'TransactionMediatorOutputConnector') and (let _containmentMF_:ecore::EStructuralFeature = modelFacet.containmentMetaFeature.ecoreFeature in (let _eClass_:ecore::EClass = _containmentMF_.eContainingClass in _eClass_.ePackage.nsURI = 'http:///org/wso2/developerstudio/eclipse/gmf/esb' and _eClass_.name = 'TransactionMediator') and _containmentMF_.name = 'outputConnector')"/>
  <childNodeTraces
      visualID="3592"
      queryText="(let _eClass_:ecore::EClass = modelFacet.metaClass.ecoreClass in _eClass_.ePackage.nsURI = 'http:///org/wso2/developerstudio/eclipse/gmf/esb' and _eClass_.name = 'ThrottleMediator') and (let _containmentMF_:ecore::EStructuralFeature = modelFacet.containmentMetaFeature.ecoreFeature in (let _eClass_:ecore::EClass = _containmentMF_.eContainingClass in _eClass_.ePackage.nsURI = 'http:///org/wso2/developerstudio/eclipse/gmf/esb' and _eClass_.name = 'EsbSequence') and _containmentMF_.name = 'childMediators')">
    <nodeLabelTraces
        visualID="5021"
        queryText="true"/>
  </childNodeTraces>
  <childNodeTraces
      visualID="3593"
      queryText="(let _eClass_:ecore::EClass = modelFacet.metaClass.ecoreClass in _eClass_.ePackage.nsURI = 'http:///org/wso2/developerstudio/eclipse/gmf/esb' and _eClass_.name = 'ThrottleMediatorInputConnector') and (let _containmentMF_:ecore::EStructuralFeature = modelFacet.containmentMetaFeature.ecoreFeature in (let _eClass_:ecore::EClass = _containmentMF_.eContainingClass in _eClass_.ePackage.nsURI = 'http:///org/wso2/developerstudio/eclipse/gmf/esb' and _eClass_.name = 'ThrottleMediator') and _containmentMF_.name = 'inputConnector')"/>
  <childNodeTraces
      visualID="3594"
      queryText="(let _eClass_:ecore::EClass = modelFacet.metaClass.ecoreClass in _eClass_.ePackage.nsURI = 'http:///org/wso2/developerstudio/eclipse/gmf/esb' and _eClass_.name = 'ThrottleMediatorOutputConnector') and (let _containmentMF_:ecore::EStructuralFeature = modelFacet.containmentMetaFeature.ecoreFeature in (let _eClass_:ecore::EClass = _containmentMF_.eContainingClass in _eClass_.ePackage.nsURI = 'http:///org/wso2/developerstudio/eclipse/gmf/esb' and _eClass_.name = 'ThrottleMediator') and _containmentMF_.name = 'outputConnector')"/>
  <childNodeTraces
      visualID="3595"
      queryText="(let _eClass_:ecore::EClass = modelFacet.metaClass.ecoreClass in _eClass_.ePackage.nsURI = 'http:///org/wso2/developerstudio/eclipse/gmf/esb' and _eClass_.name = 'RMSequenceMediator') and (let _containmentMF_:ecore::EStructuralFeature = modelFacet.containmentMetaFeature.ecoreFeature in (let _eClass_:ecore::EClass = _containmentMF_.eContainingClass in _eClass_.ePackage.nsURI = 'http:///org/wso2/developerstudio/eclipse/gmf/esb' and _eClass_.name = 'EsbSequence') and _containmentMF_.name = 'childMediators')"/>
  <childNodeTraces
      visualID="3596"
      queryText="(let _eClass_:ecore::EClass = modelFacet.metaClass.ecoreClass in _eClass_.ePackage.nsURI = 'http:///org/wso2/developerstudio/eclipse/gmf/esb' and _eClass_.name = 'RMSequenceMediatorInputConnector') and (let _containmentMF_:ecore::EStructuralFeature = modelFacet.containmentMetaFeature.ecoreFeature in (let _eClass_:ecore::EClass = _containmentMF_.eContainingClass in _eClass_.ePackage.nsURI = 'http:///org/wso2/developerstudio/eclipse/gmf/esb' and _eClass_.name = 'RMSequenceMediator') and _containmentMF_.name = 'inputConnector')"/>
  <childNodeTraces
      visualID="3597"
      queryText="(let _eClass_:ecore::EClass = modelFacet.metaClass.ecoreClass in _eClass_.ePackage.nsURI = 'http:///org/wso2/developerstudio/eclipse/gmf/esb' and _eClass_.name = 'RMSequenceMediatorOutputConnector') and (let _containmentMF_:ecore::EStructuralFeature = modelFacet.containmentMetaFeature.ecoreFeature in (let _eClass_:ecore::EClass = _containmentMF_.eContainingClass in _eClass_.ePackage.nsURI = 'http:///org/wso2/developerstudio/eclipse/gmf/esb' and _eClass_.name = 'RMSequenceMediator') and _containmentMF_.name = 'outputConnector')"/>
  <childNodeTraces
      visualID="3598"
      queryText="(let _eClass_:ecore::EClass = modelFacet.metaClass.ecoreClass in _eClass_.ePackage.nsURI = 'http:///org/wso2/developerstudio/eclipse/gmf/esb' and _eClass_.name = 'RuleMediator') and (let _containmentMF_:ecore::EStructuralFeature = modelFacet.containmentMetaFeature.ecoreFeature in (let _eClass_:ecore::EClass = _containmentMF_.eContainingClass in _eClass_.ePackage.nsURI = 'http:///org/wso2/developerstudio/eclipse/gmf/esb' and _eClass_.name = 'EsbSequence') and _containmentMF_.name = 'childMediators')"/>
  <childNodeTraces
      visualID="3599"
      queryText="(let _eClass_:ecore::EClass = modelFacet.metaClass.ecoreClass in _eClass_.ePackage.nsURI = 'http:///org/wso2/developerstudio/eclipse/gmf/esb' and _eClass_.name = 'RuleMediatorInputConnector') and (let _containmentMF_:ecore::EStructuralFeature = modelFacet.containmentMetaFeature.ecoreFeature in (let _eClass_:ecore::EClass = _containmentMF_.eContainingClass in _eClass_.ePackage.nsURI = 'http:///org/wso2/developerstudio/eclipse/gmf/esb' and _eClass_.name = 'RuleMediator') and _containmentMF_.name = 'inputConnector')"/>
  <childNodeTraces
      visualID="3600"
      queryText="(let _eClass_:ecore::EClass = modelFacet.metaClass.ecoreClass in _eClass_.ePackage.nsURI = 'http:///org/wso2/developerstudio/eclipse/gmf/esb' and _eClass_.name = 'RuleMediatorOutputConnector') and (let _containmentMF_:ecore::EStructuralFeature = modelFacet.containmentMetaFeature.ecoreFeature in (let _eClass_:ecore::EClass = _containmentMF_.eContainingClass in _eClass_.ePackage.nsURI = 'http:///org/wso2/developerstudio/eclipse/gmf/esb' and _eClass_.name = 'RuleMediator') and _containmentMF_.name = 'outputConnector')"/>
  <childNodeTraces
      visualID="3601"
      queryText="(let _eClass_:ecore::EClass = modelFacet.metaClass.ecoreClass in _eClass_.ePackage.nsURI = 'http:///org/wso2/developerstudio/eclipse/gmf/esb' and _eClass_.name = 'OAuthMediator') and (let _containmentMF_:ecore::EStructuralFeature = modelFacet.containmentMetaFeature.ecoreFeature in (let _eClass_:ecore::EClass = _containmentMF_.eContainingClass in _eClass_.ePackage.nsURI = 'http:///org/wso2/developerstudio/eclipse/gmf/esb' and _eClass_.name = 'EsbSequence') and _containmentMF_.name = 'childMediators')">
    <nodeLabelTraces
        visualID="5022"
        queryText="true"/>
  </childNodeTraces>
  <childNodeTraces
      visualID="3602"
      queryText="(let _eClass_:ecore::EClass = modelFacet.metaClass.ecoreClass in _eClass_.ePackage.nsURI = 'http:///org/wso2/developerstudio/eclipse/gmf/esb' and _eClass_.name = 'OAuthMediatorInputConnector') and (let _containmentMF_:ecore::EStructuralFeature = modelFacet.containmentMetaFeature.ecoreFeature in (let _eClass_:ecore::EClass = _containmentMF_.eContainingClass in _eClass_.ePackage.nsURI = 'http:///org/wso2/developerstudio/eclipse/gmf/esb' and _eClass_.name = 'OAuthMediator') and _containmentMF_.name = 'inputConnector')"/>
  <childNodeTraces
      visualID="3603"
      queryText="(let _eClass_:ecore::EClass = modelFacet.metaClass.ecoreClass in _eClass_.ePackage.nsURI = 'http:///org/wso2/developerstudio/eclipse/gmf/esb' and _eClass_.name = 'OAuthMediatorOutputConnector') and (let _containmentMF_:ecore::EStructuralFeature = modelFacet.containmentMetaFeature.ecoreFeature in (let _eClass_:ecore::EClass = _containmentMF_.eContainingClass in _eClass_.ePackage.nsURI = 'http:///org/wso2/developerstudio/eclipse/gmf/esb' and _eClass_.name = 'OAuthMediator') and _containmentMF_.name = 'outputConnector')"/>
  <childNodeTraces
      visualID="3604"
      queryText="(let _eClass_:ecore::EClass = modelFacet.metaClass.ecoreClass in _eClass_.ePackage.nsURI = 'http:///org/wso2/developerstudio/eclipse/gmf/esb' and _eClass_.name = 'AggregateMediatorOnCompleteOutputConnector') and (let _containmentMF_:ecore::EStructuralFeature = modelFacet.containmentMetaFeature.ecoreFeature in (let _eClass_:ecore::EClass = _containmentMF_.eContainingClass in _eClass_.ePackage.nsURI = 'http:///org/wso2/developerstudio/eclipse/gmf/esb' and _eClass_.name = 'AggregateMediator') and _containmentMF_.name = 'onCompleteOutputConnector')"/>
  <linkTraces
      visualID="4001"
      queryText="modelFacet.oclIsKindOf(gmfgen::TypeLinkModelFacet) and (let _eClass_:ecore::EClass = modelFacet.oclAsType(gmfgen::TypeLinkModelFacet).metaClass.ecoreClass in _eClass_.ePackage.nsURI = 'http:///org/wso2/developerstudio/eclipse/gmf/esb' and _eClass_.name = 'EsbLink')"/>
</trace:TraceModel>
